<?xml version="1.0" encoding="UTF-8"?>
<testsuite xmlns:xsi="http://www.w3.org/2001/XMLSchema-instance" xsi:noNamespaceSchemaLocation="https://maven.apache.org/surefire/maven-surefire-plugin/xsd/surefire-test-report.xsd" name="hello_world.Hello_worldTest" time="5.852" tests="1" errors="0" skipped="0" failures="0">
  <properties>
    <property name="gopherProxySet" value="false"/>
    <property name="awt.toolkit" value="sun.lwawt.macosx.LWCToolkit"/>
    <property name="java.specification.version" value="11"/>
    <property name="sun.cpu.isalist" value=""/>
    <property name="sun.jnu.encoding" value="UTF-8"/>
    <property name="java.class.path" value="/Users/jhonandersongarciavanegas/IntelliJ-workspace/MEDIUM/hello_world/hello_world/target/test-classes:/Users/jhonandersongarciavanegas/IntelliJ-workspace/MEDIUM/hello_world/hello_world/target/classes:/Users/jhonandersongarciavanegas/.m2/repository/io/micronaut/micronaut-inject/2.1.2/micronaut-inject-2.1.2.jar:/Users/jhonandersongarciavanegas/.m2/repository/org/slf4j/slf4j-api/1.7.26/slf4j-api-1.7.26.jar:/Users/jhonandersongarciavanegas/.m2/repository/javax/annotation/javax.annotation-api/1.3.2/javax.annotation-api-1.3.2.jar:/Users/jhonandersongarciavanegas/.m2/repository/javax/inject/javax.inject/1/javax.inject-1.jar:/Users/jhonandersongarciavanegas/.m2/repository/io/micronaut/micronaut-core/2.1.2/micronaut-core-2.1.2.jar:/Users/jhonandersongarciavanegas/.m2/repository/org/reactivestreams/reactive-streams/1.0.3/reactive-streams-1.0.3.jar:/Users/jhonandersongarciavanegas/.m2/repository/com/github/spotbugs/spotbugs-annotations/4.0.3/spotbugs-annotations-4.0.3.jar:/Users/jhonandersongarciavanegas/.m2/repository/com/google/code/findbugs/jsr305/3.0.2/jsr305-3.0.2.jar:/Users/jhonandersongarciavanegas/.m2/repository/org/yaml/snakeyaml/1.26/snakeyaml-1.26.jar:/Users/jhonandersongarciavanegas/.m2/repository/io/micronaut/micronaut-validation/2.1.2/micronaut-validation-2.1.2.jar:/Users/jhonandersongarciavanegas/.m2/repository/io/micronaut/micronaut-http/2.1.2/micronaut-http-2.1.2.jar:/Users/jhonandersongarciavanegas/.m2/repository/javax/validation/validation-api/2.0.1.Final/validation-api-2.0.1.Final.jar:/Users/jhonandersongarciavanegas/.m2/repository/io/micronaut/micronaut-http-server-netty/2.1.2/micronaut-http-server-netty-2.1.2.jar:/Users/jhonandersongarciavanegas/.m2/repository/io/micronaut/micronaut-http-server/2.1.2/micronaut-http-server-2.1.2.jar:/Users/jhonandersongarciavanegas/.m2/repository/io/micronaut/micronaut-router/2.1.2/micronaut-router-2.1.2.jar:/Users/jhonandersongarciavanegas/.m2/repository/io/micronaut/micronaut-http-netty/2.1.2/micronaut-http-netty-2.1.2.jar:/Users/jhonandersongarciavanegas/.m2/repository/io/micronaut/micronaut-buffer-netty/2.1.2/micronaut-buffer-netty-2.1.2.jar:/Users/jhonandersongarciavanegas/.m2/repository/io/netty/netty-handler/4.1.53.Final/netty-handler-4.1.53.Final.jar:/Users/jhonandersongarciavanegas/.m2/repository/io/netty/netty-resolver/4.1.53.Final/netty-resolver-4.1.53.Final.jar:/Users/jhonandersongarciavanegas/.m2/repository/io/netty/netty-codec-http2/4.1.53.Final/netty-codec-http2-4.1.53.Final.jar:/Users/jhonandersongarciavanegas/.m2/repository/io/netty/netty-codec-http/4.1.53.Final/netty-codec-http-4.1.53.Final.jar:/Users/jhonandersongarciavanegas/.m2/repository/io/netty/netty-common/4.1.53.Final/netty-common-4.1.53.Final.jar:/Users/jhonandersongarciavanegas/.m2/repository/io/netty/netty-buffer/4.1.53.Final/netty-buffer-4.1.53.Final.jar:/Users/jhonandersongarciavanegas/.m2/repository/io/netty/netty-transport/4.1.53.Final/netty-transport-4.1.53.Final.jar:/Users/jhonandersongarciavanegas/.m2/repository/io/netty/netty-codec/4.1.53.Final/netty-codec-4.1.53.Final.jar:/Users/jhonandersongarciavanegas/.m2/repository/io/micronaut/micronaut-http-client/2.1.2/micronaut-http-client-2.1.2.jar:/Users/jhonandersongarciavanegas/.m2/repository/io/reactivex/rxjava2/rxjava/2.2.10/rxjava-2.2.10.jar:/Users/jhonandersongarciavanegas/.m2/repository/io/micronaut/micronaut-http-client-core/2.1.2/micronaut-http-client-core-2.1.2.jar:/Users/jhonandersongarciavanegas/.m2/repository/io/micronaut/micronaut-websocket/2.1.2/micronaut-websocket-2.1.2.jar:/Users/jhonandersongarciavanegas/.m2/repository/io/netty/netty-handler-proxy/4.1.53.Final/netty-handler-proxy-4.1.53.Final.jar:/Users/jhonandersongarciavanegas/.m2/repository/io/netty/netty-codec-socks/4.1.53.Final/netty-codec-socks-4.1.53.Final.jar:/Users/jhonandersongarciavanegas/.m2/repository/io/micronaut/micronaut-runtime/2.1.2/micronaut-runtime-2.1.2.jar:/Users/jhonandersongarciavanegas/.m2/repository/io/micronaut/micronaut-aop/2.1.2/micronaut-aop-2.1.2.jar:/Users/jhonandersongarciavanegas/.m2/repository/com/fasterxml/jackson/core/jackson-databind/2.11.2/jackson-databind-2.11.2.jar:/Users/jhonandersongarciavanegas/.m2/repository/com/fasterxml/jackson/core/jackson-annotations/2.11.2/jackson-annotations-2.11.2.jar:/Users/jhonandersongarciavanegas/.m2/repository/com/fasterxml/jackson/core/jackson-core/2.11.2/jackson-core-2.11.2.jar:/Users/jhonandersongarciavanegas/.m2/repository/com/fasterxml/jackson/datatype/jackson-datatype-jdk8/2.11.2/jackson-datatype-jdk8-2.11.2.jar:/Users/jhonandersongarciavanegas/.m2/repository/com/fasterxml/jackson/datatype/jackson-datatype-jsr310/2.11.2/jackson-datatype-jsr310-2.11.2.jar:/Users/jhonandersongarciavanegas/.m2/repository/ch/qos/logback/logback-classic/1.2.3/logback-classic-1.2.3.jar:/Users/jhonandersongarciavanegas/.m2/repository/ch/qos/logback/logback-core/1.2.3/logback-core-1.2.3.jar:/Users/jhonandersongarciavanegas/.m2/repository/org/junit/jupiter/junit-jupiter-api/5.7.0/junit-jupiter-api-5.7.0.jar:/Users/jhonandersongarciavanegas/.m2/repository/org/apiguardian/apiguardian-api/1.1.0/apiguardian-api-1.1.0.jar:/Users/jhonandersongarciavanegas/.m2/repository/org/opentest4j/opentest4j/1.2.0/opentest4j-1.2.0.jar:/Users/jhonandersongarciavanegas/.m2/repository/org/junit/platform/junit-platform-commons/1.7.0/junit-platform-commons-1.7.0.jar:/Users/jhonandersongarciavanegas/.m2/repository/org/junit/jupiter/junit-jupiter-engine/5.7.0/junit-jupiter-engine-5.7.0.jar:/Users/jhonandersongarciavanegas/.m2/repository/org/junit/platform/junit-platform-engine/1.7.0/junit-platform-engine-1.7.0.jar:/Users/jhonandersongarciavanegas/.m2/repository/io/micronaut/test/micronaut-test-junit5/2.1.1/micronaut-test-junit5-2.1.1.jar:/Users/jhonandersongarciavanegas/.m2/repository/io/micronaut/test/micronaut-test-core/2.1.1/micronaut-test-core-2.1.1.jar:"/>
    <property name="java.vm.vendor" value="Amazon.com Inc."/>
    <property name="sun.arch.data.model" value="64"/>
    <property name="java.vendor.url" value="https://aws.amazon.com/corretto/"/>
    <property name="user.timezone" value=""/>
    <property name="java.vm.specification.version" value="11"/>
    <property name="os.name" value="Mac OS X"/>
    <property name="sun.java.launcher" value="SUN_STANDARD"/>
    <property name="user.country" value="CO"/>
    <property name="sun.boot.library.path" value="/Users/jhonandersongarciavanegas/Library/Java/JavaVirtualMachines/corretto-11.0.7/Contents/Home/lib"/>
    <property name="sun.java.command" value="/Users/jhonandersongarciavanegas/IntelliJ-workspace/MEDIUM/hello_world/hello_world/target/surefire/surefirebooter4746383658625271466.jar /Users/jhonandersongarciavanegas/IntelliJ-workspace/MEDIUM/hello_world/hello_world/target/surefire 2020-11-04T14-38-23_703-jvmRun1 surefire10478531668097085396tmp surefire_08513075030296230429tmp"/>
    <property name="http.nonProxyHosts" value="local|*.local|169.254/16|*.169.254/16"/>
    <property name="jdk.debug" value="release"/>
    <property name="surefire.test.class.path" value="/Users/jhonandersongarciavanegas/IntelliJ-workspace/MEDIUM/hello_world/hello_world/target/test-classes:/Users/jhonandersongarciavanegas/IntelliJ-workspace/MEDIUM/hello_world/hello_world/target/classes:/Users/jhonandersongarciavanegas/.m2/repository/io/micronaut/micronaut-inject/2.1.2/micronaut-inject-2.1.2.jar:/Users/jhonandersongarciavanegas/.m2/repository/org/slf4j/slf4j-api/1.7.26/slf4j-api-1.7.26.jar:/Users/jhonandersongarciavanegas/.m2/repository/javax/annotation/javax.annotation-api/1.3.2/javax.annotation-api-1.3.2.jar:/Users/jhonandersongarciavanegas/.m2/repository/javax/inject/javax.inject/1/javax.inject-1.jar:/Users/jhonandersongarciavanegas/.m2/repository/io/micronaut/micronaut-core/2.1.2/micronaut-core-2.1.2.jar:/Users/jhonandersongarciavanegas/.m2/repository/org/reactivestreams/reactive-streams/1.0.3/reactive-streams-1.0.3.jar:/Users/jhonandersongarciavanegas/.m2/repository/com/github/spotbugs/spotbugs-annotations/4.0.3/spotbugs-annotations-4.0.3.jar:/Users/jhonandersongarciavanegas/.m2/repository/com/google/code/findbugs/jsr305/3.0.2/jsr305-3.0.2.jar:/Users/jhonandersongarciavanegas/.m2/repository/org/yaml/snakeyaml/1.26/snakeyaml-1.26.jar:/Users/jhonandersongarciavanegas/.m2/repository/io/micronaut/micronaut-validation/2.1.2/micronaut-validation-2.1.2.jar:/Users/jhonandersongarciavanegas/.m2/repository/io/micronaut/micronaut-http/2.1.2/micronaut-http-2.1.2.jar:/Users/jhonandersongarciavanegas/.m2/repository/javax/validation/validation-api/2.0.1.Final/validation-api-2.0.1.Final.jar:/Users/jhonandersongarciavanegas/.m2/repository/io/micronaut/micronaut-http-server-netty/2.1.2/micronaut-http-server-netty-2.1.2.jar:/Users/jhonandersongarciavanegas/.m2/repository/io/micronaut/micronaut-http-server/2.1.2/micronaut-http-server-2.1.2.jar:/Users/jhonandersongarciavanegas/.m2/repository/io/micronaut/micronaut-router/2.1.2/micronaut-router-2.1.2.jar:/Users/jhonandersongarciavanegas/.m2/repository/io/micronaut/micronaut-http-netty/2.1.2/micronaut-http-netty-2.1.2.jar:/Users/jhonandersongarciavanegas/.m2/repository/io/micronaut/micronaut-buffer-netty/2.1.2/micronaut-buffer-netty-2.1.2.jar:/Users/jhonandersongarciavanegas/.m2/repository/io/netty/netty-handler/4.1.53.Final/netty-handler-4.1.53.Final.jar:/Users/jhonandersongarciavanegas/.m2/repository/io/netty/netty-resolver/4.1.53.Final/netty-resolver-4.1.53.Final.jar:/Users/jhonandersongarciavanegas/.m2/repository/io/netty/netty-codec-http2/4.1.53.Final/netty-codec-http2-4.1.53.Final.jar:/Users/jhonandersongarciavanegas/.m2/repository/io/netty/netty-codec-http/4.1.53.Final/netty-codec-http-4.1.53.Final.jar:/Users/jhonandersongarciavanegas/.m2/repository/io/netty/netty-common/4.1.53.Final/netty-common-4.1.53.Final.jar:/Users/jhonandersongarciavanegas/.m2/repository/io/netty/netty-buffer/4.1.53.Final/netty-buffer-4.1.53.Final.jar:/Users/jhonandersongarciavanegas/.m2/repository/io/netty/netty-transport/4.1.53.Final/netty-transport-4.1.53.Final.jar:/Users/jhonandersongarciavanegas/.m2/repository/io/netty/netty-codec/4.1.53.Final/netty-codec-4.1.53.Final.jar:/Users/jhonandersongarciavanegas/.m2/repository/io/micronaut/micronaut-http-client/2.1.2/micronaut-http-client-2.1.2.jar:/Users/jhonandersongarciavanegas/.m2/repository/io/reactivex/rxjava2/rxjava/2.2.10/rxjava-2.2.10.jar:/Users/jhonandersongarciavanegas/.m2/repository/io/micronaut/micronaut-http-client-core/2.1.2/micronaut-http-client-core-2.1.2.jar:/Users/jhonandersongarciavanegas/.m2/repository/io/micronaut/micronaut-websocket/2.1.2/micronaut-websocket-2.1.2.jar:/Users/jhonandersongarciavanegas/.m2/repository/io/netty/netty-handler-proxy/4.1.53.Final/netty-handler-proxy-4.1.53.Final.jar:/Users/jhonandersongarciavanegas/.m2/repository/io/netty/netty-codec-socks/4.1.53.Final/netty-codec-socks-4.1.53.Final.jar:/Users/jhonandersongarciavanegas/.m2/repository/io/micronaut/micronaut-runtime/2.1.2/micronaut-runtime-2.1.2.jar:/Users/jhonandersongarciavanegas/.m2/repository/io/micronaut/micronaut-aop/2.1.2/micronaut-aop-2.1.2.jar:/Users/jhonandersongarciavanegas/.m2/repository/com/fasterxml/jackson/core/jackson-databind/2.11.2/jackson-databind-2.11.2.jar:/Users/jhonandersongarciavanegas/.m2/repository/com/fasterxml/jackson/core/jackson-annotations/2.11.2/jackson-annotations-2.11.2.jar:/Users/jhonandersongarciavanegas/.m2/repository/com/fasterxml/jackson/core/jackson-core/2.11.2/jackson-core-2.11.2.jar:/Users/jhonandersongarciavanegas/.m2/repository/com/fasterxml/jackson/datatype/jackson-datatype-jdk8/2.11.2/jackson-datatype-jdk8-2.11.2.jar:/Users/jhonandersongarciavanegas/.m2/repository/com/fasterxml/jackson/datatype/jackson-datatype-jsr310/2.11.2/jackson-datatype-jsr310-2.11.2.jar:/Users/jhonandersongarciavanegas/.m2/repository/ch/qos/logback/logback-classic/1.2.3/logback-classic-1.2.3.jar:/Users/jhonandersongarciavanegas/.m2/repository/ch/qos/logback/logback-core/1.2.3/logback-core-1.2.3.jar:/Users/jhonandersongarciavanegas/.m2/repository/org/junit/jupiter/junit-jupiter-api/5.7.0/junit-jupiter-api-5.7.0.jar:/Users/jhonandersongarciavanegas/.m2/repository/org/apiguardian/apiguardian-api/1.1.0/apiguardian-api-1.1.0.jar:/Users/jhonandersongarciavanegas/.m2/repository/org/opentest4j/opentest4j/1.2.0/opentest4j-1.2.0.jar:/Users/jhonandersongarciavanegas/.m2/repository/org/junit/platform/junit-platform-commons/1.7.0/junit-platform-commons-1.7.0.jar:/Users/jhonandersongarciavanegas/.m2/repository/org/junit/jupiter/junit-jupiter-engine/5.7.0/junit-jupiter-engine-5.7.0.jar:/Users/jhonandersongarciavanegas/.m2/repository/org/junit/platform/junit-platform-engine/1.7.0/junit-platform-engine-1.7.0.jar:/Users/jhonandersongarciavanegas/.m2/repository/io/micronaut/test/micronaut-test-junit5/2.1.1/micronaut-test-junit5-2.1.1.jar:/Users/jhonandersongarciavanegas/.m2/repository/io/micronaut/test/micronaut-test-core/2.1.1/micronaut-test-core-2.1.1.jar:"/>
    <property name="sun.cpu.endian" value="little"/>
    <property name="user.home" value="/Users/jhonandersongarciavanegas"/>
    <property name="user.language" value="es"/>
    <property name="java.specification.vendor" value="Oracle Corporation"/>
    <property name="java.version.date" value="2020-04-14"/>
    <property name="java.home" value="/Users/jhonandersongarciavanegas/Library/Java/JavaVirtualMachines/corretto-11.0.7/Contents/Home"/>
    <property name="file.separator" value="/"/>
    <property name="basedir" value="/Users/jhonandersongarciavanegas/IntelliJ-workspace/MEDIUM/hello_world/hello_world"/>
    <property name="java.vm.compressedOopsMode" value="Zero based"/>
    <property name="line.separator" value="&#10;"/>
    <property name="java.specification.name" value="Java Platform API Specification"/>
    <property name="java.vm.specification.vendor" value="Oracle Corporation"/>
    <property name="java.awt.graphicsenv" value="sun.awt.CGraphicsEnvironment"/>
    <property name="idea.version2020.1.2" value="true"/>
    <property name="surefire.real.class.path" value="/Users/jhonandersongarciavanegas/IntelliJ-workspace/MEDIUM/hello_world/hello_world/target/surefire/surefirebooter4746383658625271466.jar"/>
    <property name="sun.management.compiler" value="HotSpot 64-Bit Tiered Compilers"/>
    <property name="ftp.nonProxyHosts" value="local|*.local|169.254/16|*.169.254/16"/>
    <property name="java.runtime.version" value="11.0.7+10-LTS"/>
    <property name="user.name" value="jhonandersongarciavanegas"/>
    <property name="path.separator" value=":"/>
    <property name="os.version" value="10.13.6"/>
    <property name="java.runtime.name" value="OpenJDK Runtime Environment"/>
    <property name="file.encoding" value="US-ASCII"/>
    <property name="java.vm.name" value="OpenJDK 64-Bit Server VM"/>
    <property name="java.vendor.version" value="Corretto-11.0.7.10.1"/>
    <property name="localRepository" value="/Users/jhonandersongarciavanegas/.m2/repository"/>
    <property name="java.vendor.url.bug" value="https://github.com/corretto/corretto-11/issues/"/>
    <property name="java.io.tmpdir" value="/var/folders/d8/tvj612dx4rn02d5_3rcxx13r0000gn/T/"/>
    <property name="java.version" value="11.0.7"/>
    <property name="user.dir" value="/Users/jhonandersongarciavanegas/IntelliJ-workspace/MEDIUM/hello_world/hello_world"/>
    <property name="os.arch" value="x86_64"/>
    <property name="java.vm.specification.name" value="Java Virtual Machine Specification"/>
    <property name="java.awt.printerjob" value="sun.lwawt.macosx.CPrinterJob"/>
    <property name="sun.os.patch.level" value="unknown"/>
    <property name="java.library.path" value="/Users/jhonandersongarciavanegas/Library/Java/Extensions:/Library/Java/Extensions:/Network/Library/Java/Extensions:/System/Library/Java/Extensions:/usr/lib/java:."/>
    <property name="java.vendor" value="Amazon.com Inc."/>
    <property name="java.vm.info" value="mixed mode"/>
    <property name="java.vm.version" value="11.0.7+10-LTS"/>
    <property name="sun.io.unicode.encoding" value="UnicodeBig"/>
    <property name="java.class.version" value="55.0"/>
    <property name="socksNonProxyHosts" value="local|*.local|169.254/16|*.169.254/16"/>
  </properties>
  <testcase name="testItWorks" classname="hello_world.Hello_worldTest" time="0.06"/>
</testsuite>